2012/11/04 20:31:07 [warning] [application] Failed to set unsafe attribute "user_status" of "User".
in X:\home\demo\www\gbook\protected\controllers\UserController.php (116)
in X:\home\demo\www\gbook\protected\controllers\UserController.php (23)
in X:\home\demo\www\gbook\index.php (13)
2012/11/04 20:31:45 [warning] [application] Failed to set unsafe attribute "user_status" of "User".
in X:\home\demo\www\gbook\protected\controllers\UserController.php (116)
in X:\home\demo\www\gbook\protected\controllers\UserController.php (23)
in X:\home\demo\www\gbook\index.php (13)
2012/11/04 20:32:53 [warning] [application] Failed to set unsafe attribute "file" of "Comments".
in X:\home\demo\www\gbook\protected\controllers\CommentsController.php (148)
<<<<<<< HEAD
in X:\home\demo\www\gbook\protected\controllers\CommentsController.php (24)
in X:\home\demo\www\gbook\index.php (13)
2012/11/04 20:32:58 [warning] [application] Failed to set unsafe attribute "file" of "Comments".
in X:\home\demo\www\gbook\protected\controllers\CommentsController.php (148)
in X:\home\demo\www\gbook\protected\controllers\CommentsController.php (24)
in X:\home\demo\www\gbook\index.php (13)
2012/11/04 20:33:08 [warning] [application] Failed to set unsafe attribute "file" of "Comments".
in X:\home\demo\www\gbook\protected\controllers\CommentsController.php (148)
in X:\home\demo\www\gbook\protected\controllers\CommentsController.php (24)
in X:\home\demo\www\gbook\index.php (13)
2012/11/04 20:33:08 [warning] [application] Failed to set unsafe attribute "file" of "Comments".
in X:\home\demo\www\gbook\protected\controllers\CommentsController.php (148)
in X:\home\demo\www\gbook\protected\controllers\CommentsController.php (24)
in X:\home\demo\www\gbook\index.php (13)
2012/11/04 20:33:10 [warning] [application] Failed to set unsafe attribute "file" of "Comments".
in X:\home\demo\www\gbook\protected\controllers\CommentsController.php (148)
in X:\home\demo\www\gbook\protected\controllers\CommentsController.php (24)
in X:\home\demo\www\gbook\index.php (13)
2012/11/04 20:33:21 [warning] [application] Failed to set unsafe attribute "file" of "Comments".
in X:\home\demo\www\gbook\protected\controllers\CommentsController.php (148)
in X:\home\demo\www\gbook\protected\controllers\CommentsController.php (24)
in X:\home\demo\www\gbook\index.php (13)
=======
in X:\home\demo\www\gbook\protected\controllers\CommentsController.php (24)
in X:\home\demo\www\gbook\index.php (13)
2012/11/04 20:32:58 [warning] [application] Failed to set unsafe attribute "file" of "Comments".
in X:\home\demo\www\gbook\protected\controllers\CommentsController.php (148)
in X:\home\demo\www\gbook\protected\controllers\CommentsController.php (24)
in X:\home\demo\www\gbook\index.php (13)
2012/11/04 20:33:08 [warning] [application] Failed to set unsafe attribute "file" of "Comments".
in X:\home\demo\www\gbook\protected\controllers\CommentsController.php (148)
in X:\home\demo\www\gbook\protected\controllers\CommentsController.php (24)
in X:\home\demo\www\gbook\index.php (13)
2012/11/04 20:33:08 [warning] [application] Failed to set unsafe attribute "file" of "Comments".
in X:\home\demo\www\gbook\protected\controllers\CommentsController.php (148)
in X:\home\demo\www\gbook\protected\controllers\CommentsController.php (24)
in X:\home\demo\www\gbook\index.php (13)
2012/11/04 20:33:10 [warning] [application] Failed to set unsafe attribute "file" of "Comments".
in X:\home\demo\www\gbook\protected\controllers\CommentsController.php (148)
in X:\home\demo\www\gbook\protected\controllers\CommentsController.php (24)
in X:\home\demo\www\gbook\index.php (13)
2012/11/04 20:33:21 [warning] [application] Failed to set unsafe attribute "file" of "Comments".
in X:\home\demo\www\gbook\protected\controllers\CommentsController.php (148)
in X:\home\demo\www\gbook\protected\controllers\CommentsController.php (24)
in X:\home\demo\www\gbook\index.php (13)
2012/11/04 20:39:53 [warning] [application] Failed to set unsafe attribute "user_status" of "User".
in X:\home\demo\www\gbook\protected\controllers\UserController.php (116)
in X:\home\demo\www\gbook\protected\controllers\UserController.php (23)
in X:\home\demo\www\gbook\index.php (13)
2012/11/04 20:39:54 [warning] [application] Failed to set unsafe attribute "user_status" of "User".
in X:\home\demo\www\gbook\protected\controllers\UserController.php (116)
in X:\home\demo\www\gbook\protected\controllers\UserController.php (23)
in X:\home\demo\www\gbook\index.php (13)
2012/11/04 20:39:56 [warning] [application] Failed to set unsafe attribute "user_status" of "User".
in X:\home\demo\www\gbook\protected\controllers\UserController.php (116)
in X:\home\demo\www\gbook\protected\controllers\UserController.php (23)
in X:\home\demo\www\gbook\index.php (13)
2012/11/04 20:56:03 [warning] [application] Failed to set unsafe attribute "file" of "Comments".
in X:\home\demo\www\gbook\protected\controllers\CommentsController.php (148)
in X:\home\demo\www\gbook\protected\controllers\CommentsController.php (24)
in X:\home\demo\www\gbook\index.php (13)
2012/11/04 20:56:08 [warning] [application] Failed to set unsafe attribute "file" of "Comments".
in X:\home\demo\www\gbook\protected\controllers\CommentsController.php (148)
in X:\home\demo\www\gbook\protected\controllers\CommentsController.php (24)
in X:\home\demo\www\gbook\index.php (13)
2012/11/04 20:56:11 [warning] [application] Failed to set unsafe attribute "file" of "Comments".
in X:\home\demo\www\gbook\protected\controllers\CommentsController.php (148)
in X:\home\demo\www\gbook\protected\controllers\CommentsController.php (24)
in X:\home\demo\www\gbook\index.php (13)
2012/11/04 20:56:17 [warning] [application] Failed to set unsafe attribute "file" of "Comments".
in X:\home\demo\www\gbook\protected\controllers\CommentsController.php (148)
in X:\home\demo\www\gbook\protected\controllers\CommentsController.php (24)
in X:\home\demo\www\gbook\index.php (13)
2012/11/04 20:56:17 [warning] [application] Failed to set unsafe attribute "file" of "Comments".
in X:\home\demo\www\gbook\protected\controllers\CommentsController.php (148)
in X:\home\demo\www\gbook\protected\controllers\CommentsController.php (24)
in X:\home\demo\www\gbook\index.php (13)
2012/11/04 20:56:35 [warning] [application] Failed to set unsafe attribute "file" of "Comments".
in X:\home\demo\www\gbook\protected\controllers\CommentsController.php (148)
in X:\home\demo\www\gbook\protected\controllers\CommentsController.php (24)
in X:\home\demo\www\gbook\index.php (13)
2012/11/04 20:56:46 [warning] [application] Failed to set unsafe attribute "file" of "Comments".
in X:\home\demo\www\gbook\protected\controllers\CommentsController.php (148)
in X:\home\demo\www\gbook\protected\controllers\CommentsController.php (24)
in X:\home\demo\www\gbook\index.php (13)
2012/11/04 20:56:46 [warning] [application] Failed to set unsafe attribute "file" of "Comments".
in X:\home\demo\www\gbook\protected\controllers\CommentsController.php (27)
in X:\home\demo\www\gbook\index.php (13)
>>>>>>> fd1bd39
2012/11/06 12:29:21 [error] [exception.CHttpException.500] exception 'CHttpException' with message 'Parameters "model" and "attribute" or "name" have to be set!' in X:\home\demo\www\gbook\protected\extensions\fckeditor\FCKEditorWidget.php:59
Stack trace:
#0 X:\home\demo\YiiRoot\framework\web\CBaseController.php(174): FCKEditorWidget->run()
#1 X:\home\demo\www\gbook\protected\views\comments\_form.php(49): CBaseController->widget('ext.fckeditor.F...', Array)
#2 X:\home\demo\YiiRoot\framework\web\CBaseController.php(127): require('X:\home\demo\ww...')
#3 X:\home\demo\YiiRoot\framework\web\CBaseController.php(96): CBaseController->renderInternal('X:\home\demo\ww...', Array, true)
#4 X:\home\demo\YiiRoot\framework\web\CController.php(870): CBaseController->renderFile('X:\home\demo\ww...', Array, true)
#5 X:\home\demo\www\gbook\protected\views\comments\index.php(46): CController->renderPartial('_form', Array)
#6 X:\home\demo\YiiRoot\framework\web\CBaseController.php(127): require('X:\home\demo\ww...')
#7 X:\home\demo\YiiRoot\framework\web\CBaseController.php(96): CBaseController->renderInternal('X:\home\demo\ww...', Array, true)
#8 X:\home\demo\YiiRoot\framework\web\CController.php(870): CBaseController->renderFile('X:\home\demo\ww...', Array, true)
#9 X:\home\demo\YiiRoot\framework\web\CController.php(783): CController->renderPartial('index', Array, true)
#10 X:\home\demo\www\gbook\protected\controllers\CommentsController.php(36): CController->render('index', Array)
#11 X:\home\demo\YiiRoot\framework\web\actions\CInlineAction.php(50): CommentsController->actionIndex()
#12 X:\home\demo\YiiRoot\framework\web\CController.php(309): CInlineAction->runWithParams(Array)
#13 X:\home\demo\YiiRoot\framework\web\CController.php(287): CController->runAction(Object(CInlineAction))
#14 X:\home\demo\YiiRoot\framework\web\CController.php(266): CController->runActionWithFilters(Object(CInlineAction), Array)
#15 X:\home\demo\YiiRoot\framework\web\CWebApplication.php(283): CController->run('index')
#16 X:\home\demo\YiiRoot\framework\web\CWebApplication.php(142): CWebApplication->runController('')
#17 X:\home\demo\YiiRoot\framework\base\CApplication.php(162): CWebApplication->processRequest()
#18 X:\home\demo\www\gbook\index.php(13): CApplication->run()
#19 {main}
REQUEST_URI=/gbook/
---
2012/11/06 12:29:53 [error] [php] require_once(X:\home\demo\www\gbook\protected/../fckeditor/fckeditor.php) [<a href='function.require-once'>function.require-once</a>]: failed to open stream: No such file or directory (X:\home\demo\www\gbook\protected\extensions\fckeditor\views\fCKEditorWidget.php:33)
Stack trace:
#0 X:\home\demo\YiiRoot\framework\web\CBaseController.php(96): FCKEditorWidget->renderInternal()
#1 X:\home\demo\YiiRoot\framework\web\widgets\CWidget.php(244): FCKEditorWidget->renderFile()
#2 X:\home\demo\www\gbook\protected\extensions\fckeditor\FCKEditorWidget.php(75): FCKEditorWidget->render()
#3 X:\home\demo\YiiRoot\framework\web\CBaseController.php(174): FCKEditorWidget->run()
#4 X:\home\demo\www\gbook\protected\views\comments\_form.php(49): CommentsController->widget()
#5 X:\home\demo\YiiRoot\framework\web\CBaseController.php(127): require()
#6 X:\home\demo\YiiRoot\framework\web\CBaseController.php(96): CommentsController->renderInternal()
#7 X:\home\demo\YiiRoot\framework\web\CController.php(870): CommentsController->renderFile()
#8 X:\home\demo\www\gbook\protected\views\comments\index.php(46): CommentsController->renderPartial()
#9 X:\home\demo\YiiRoot\framework\web\CBaseController.php(127): require()
#10 X:\home\demo\YiiRoot\framework\web\CBaseController.php(96): CommentsController->renderInternal()
#11 X:\home\demo\YiiRoot\framework\web\CController.php(870): CommentsController->renderFile()
#12 X:\home\demo\YiiRoot\framework\web\CController.php(783): CommentsController->renderPartial()
#13 X:\home\demo\www\gbook\protected\controllers\CommentsController.php(36): CommentsController->render()
#14 X:\home\demo\YiiRoot\framework\web\actions\CInlineAction.php(50): CommentsController->actionIndex()
#15 X:\home\demo\YiiRoot\framework\web\CController.php(309): CInlineAction->runWithParams()
#16 X:\home\demo\YiiRoot\framework\web\CController.php(287): CommentsController->runAction()
#17 X:\home\demo\YiiRoot\framework\web\CController.php(266): CommentsController->runActionWithFilters()
#18 X:\home\demo\YiiRoot\framework\web\CWebApplication.php(283): CommentsController->run()
#19 X:\home\demo\YiiRoot\framework\web\CWebApplication.php(142): CWebApplication->runController()
#20 X:\home\demo\YiiRoot\framework\base\CApplication.php(162): CWebApplication->processRequest()
#21 X:\home\demo\www\gbook\index.php(13): CWebApplication->run()
REQUEST_URI=/gbook/
in X:\home\demo\www\gbook\protected\extensions\fckeditor\views\fCKEditorWidget.php (33)
in X:\home\demo\www\gbook\protected\extensions\fckeditor\views\fCKEditorWidget.php (33)
in X:\home\demo\www\gbook\protected\extensions\fckeditor\FCKEditorWidget.php (75)
2012/11/06 12:31:09 [error] [php] require_once(X:\home\demo\www\gbook\protected/../fckeditor/fckeditor.php) [<a href='function.require-once'>function.require-once</a>]: failed to open stream: No such file or directory (X:\home\demo\www\gbook\protected\extensions\fckeditor\views\fCKEditorWidget.php:33)
Stack trace:
#0 X:\home\demo\YiiRoot\framework\web\CBaseController.php(96): FCKEditorWidget->renderInternal()
#1 X:\home\demo\YiiRoot\framework\web\widgets\CWidget.php(244): FCKEditorWidget->renderFile()
#2 X:\home\demo\www\gbook\protected\extensions\fckeditor\FCKEditorWidget.php(75): FCKEditorWidget->render()
#3 X:\home\demo\YiiRoot\framework\web\CBaseController.php(174): FCKEditorWidget->run()
#4 X:\home\demo\www\gbook\protected\views\comments\_form.php(49): CommentsController->widget()
#5 X:\home\demo\YiiRoot\framework\web\CBaseController.php(127): require()
#6 X:\home\demo\YiiRoot\framework\web\CBaseController.php(96): CommentsController->renderInternal()
#7 X:\home\demo\YiiRoot\framework\web\CController.php(870): CommentsController->renderFile()
#8 X:\home\demo\www\gbook\protected\views\comments\index.php(46): CommentsController->renderPartial()
#9 X:\home\demo\YiiRoot\framework\web\CBaseController.php(127): require()
#10 X:\home\demo\YiiRoot\framework\web\CBaseController.php(96): CommentsController->renderInternal()
#11 X:\home\demo\YiiRoot\framework\web\CController.php(870): CommentsController->renderFile()
#12 X:\home\demo\YiiRoot\framework\web\CController.php(783): CommentsController->renderPartial()
#13 X:\home\demo\www\gbook\protected\controllers\CommentsController.php(36): CommentsController->render()
#14 X:\home\demo\YiiRoot\framework\web\actions\CInlineAction.php(50): CommentsController->actionIndex()
#15 X:\home\demo\YiiRoot\framework\web\CController.php(309): CInlineAction->runWithParams()
#16 X:\home\demo\YiiRoot\framework\web\CController.php(287): CommentsController->runAction()
#17 X:\home\demo\YiiRoot\framework\web\CController.php(266): CommentsController->runActionWithFilters()
#18 X:\home\demo\YiiRoot\framework\web\CWebApplication.php(283): CommentsController->run()
#19 X:\home\demo\YiiRoot\framework\web\CWebApplication.php(142): CWebApplication->runController()
#20 X:\home\demo\YiiRoot\framework\base\CApplication.php(162): CWebApplication->processRequest()
#21 X:\home\demo\www\gbook\index.php(13): CWebApplication->run()
REQUEST_URI=/gbook/
in X:\home\demo\www\gbook\protected\extensions\fckeditor\views\fCKEditorWidget.php (33)
in X:\home\demo\www\gbook\protected\extensions\fckeditor\views\fCKEditorWidget.php (33)
in X:\home\demo\www\gbook\protected\extensions\fckeditor\FCKEditorWidget.php (75)
2012/11/06 12:31:10 [error] [php] require_once(X:\home\demo\www\gbook\protected/../fckeditor/fckeditor.php) [<a href='function.require-once'>function.require-once</a>]: failed to open stream: No such file or directory (X:\home\demo\www\gbook\protected\extensions\fckeditor\views\fCKEditorWidget.php:33)
Stack trace:
#0 X:\home\demo\YiiRoot\framework\web\CBaseController.php(96): FCKEditorWidget->renderInternal()
#1 X:\home\demo\YiiRoot\framework\web\widgets\CWidget.php(244): FCKEditorWidget->renderFile()
#2 X:\home\demo\www\gbook\protected\extensions\fckeditor\FCKEditorWidget.php(75): FCKEditorWidget->render()
#3 X:\home\demo\YiiRoot\framework\web\CBaseController.php(174): FCKEditorWidget->run()
#4 X:\home\demo\www\gbook\protected\views\comments\_form.php(49): CommentsController->widget()
#5 X:\home\demo\YiiRoot\framework\web\CBaseController.php(127): require()
#6 X:\home\demo\YiiRoot\framework\web\CBaseController.php(96): CommentsController->renderInternal()
#7 X:\home\demo\YiiRoot\framework\web\CController.php(870): CommentsController->renderFile()
#8 X:\home\demo\www\gbook\protected\views\comments\index.php(46): CommentsController->renderPartial()
#9 X:\home\demo\YiiRoot\framework\web\CBaseController.php(127): require()
#10 X:\home\demo\YiiRoot\framework\web\CBaseController.php(96): CommentsController->renderInternal()
#11 X:\home\demo\YiiRoot\framework\web\CController.php(870): CommentsController->renderFile()
#12 X:\home\demo\YiiRoot\framework\web\CController.php(783): CommentsController->renderPartial()
#13 X:\home\demo\www\gbook\protected\controllers\CommentsController.php(36): CommentsController->render()
#14 X:\home\demo\YiiRoot\framework\web\actions\CInlineAction.php(50): CommentsController->actionIndex()
#15 X:\home\demo\YiiRoot\framework\web\CController.php(309): CInlineAction->runWithParams()
#16 X:\home\demo\YiiRoot\framework\web\CController.php(287): CommentsController->runAction()
#17 X:\home\demo\YiiRoot\framework\web\CController.php(266): CommentsController->runActionWithFilters()
#18 X:\home\demo\YiiRoot\framework\web\CWebApplication.php(283): CommentsController->run()
#19 X:\home\demo\YiiRoot\framework\web\CWebApplication.php(142): CWebApplication->runController()
#20 X:\home\demo\YiiRoot\framework\base\CApplication.php(162): CWebApplication->processRequest()
#21 X:\home\demo\www\gbook\index.php(13): CWebApplication->run()
REQUEST_URI=/gbook/
in X:\home\demo\www\gbook\protected\extensions\fckeditor\views\fCKEditorWidget.php (33)
in X:\home\demo\www\gbook\protected\extensions\fckeditor\views\fCKEditorWidget.php (33)
in X:\home\demo\www\gbook\protected\extensions\fckeditor\FCKEditorWidget.php (75)
2012/11/06 12:40:50 [warning] [application] Failed to set unsafe attribute "file" of "Comments".
in X:\home\demo\www\gbook\protected\controllers\CommentsController.php (148)
in X:\home\demo\www\gbook\protected\controllers\CommentsController.php (24)
in X:\home\demo\www\gbook\index.php (13)
2012/11/06 12:40:52 [warning] [application] Failed to set unsafe attribute "file" of "Comments".
in X:\home\demo\www\gbook\protected\controllers\CommentsController.php (148)
in X:\home\demo\www\gbook\protected\controllers\CommentsController.php (24)
in X:\home\demo\www\gbook\index.php (13)
2012/11/06 12:41:32 [warning] [application] Failed to set unsafe attribute "file" of "Comments".
in X:\home\demo\www\gbook\protected\controllers\CommentsController.php (148)
in X:\home\demo\www\gbook\protected\controllers\CommentsController.php (24)
in X:\home\demo\www\gbook\index.php (13)
2012/11/06 12:41:33 [warning] [application] Failed to set unsafe attribute "file" of "Comments".
in X:\home\demo\www\gbook\protected\controllers\CommentsController.php (27)
in X:\home\demo\www\gbook\index.php (13)
2012/11/06 12:54:21 [warning] [application] Failed to set unsafe attribute "file" of "Comments".
in X:\home\demo\www\gbook\protected\controllers\CommentsController.php (148)
in X:\home\demo\www\gbook\protected\controllers\CommentsController.php (24)
in X:\home\demo\www\gbook\index.php (13)
2012/11/06 12:54:43 [warning] [application] Failed to set unsafe attribute "file" of "Comments".
in X:\home\demo\www\gbook\protected\controllers\CommentsController.php (148)
in X:\home\demo\www\gbook\protected\controllers\CommentsController.php (24)
in X:\home\demo\www\gbook\index.php (13)
2012/11/06 13:18:09 [error] [exception.CException] exception 'CException' with message 'Property "FCKEditorWidget.fontNames" is not defined.' in X:\home\demo\YiiRoot\framework\base\CComponent.php:174
Stack trace:
#0 X:\home\demo\YiiRoot\framework\web\CWidgetFactory.php(162): CComponent->__set('fontNames', '???????????????...')
#1 X:\home\demo\YiiRoot\framework\web\CBaseController.php(147): CWidgetFactory->createWidget(Object(CommentsController), 'ext.fckeditor.F...', Array)
#2 X:\home\demo\YiiRoot\framework\web\CBaseController.php(173): CBaseController->createWidget('ext.fckeditor.F...', Array)
#3 X:\home\demo\www\gbook\protected\views\comments\_form.php(50): CBaseController->widget('ext.fckeditor.F...', Array)
#4 X:\home\demo\YiiRoot\framework\web\CBaseController.php(127): require('X:\home\demo\ww...')
#5 X:\home\demo\YiiRoot\framework\web\CBaseController.php(96): CBaseController->renderInternal('X:\home\demo\ww...', Array, true)
#6 X:\home\demo\YiiRoot\framework\web\CController.php(870): CBaseController->renderFile('X:\home\demo\ww...', Array, true)
#7 X:\home\demo\www\gbook\protected\views\comments\index.php(46): CController->renderPartial('_form', Array)
#8 X:\home\demo\YiiRoot\framework\web\CBaseController.php(127): require('X:\home\demo\ww...')
#9 X:\home\demo\YiiRoot\framework\web\CBaseController.php(96): CBaseController->renderInternal('X:\home\demo\ww...', Array, true)
#10 X:\home\demo\YiiRoot\framework\web\CController.php(870): CBaseController->renderFile('X:\home\demo\ww...', Array, true)
#11 X:\home\demo\YiiRoot\framework\web\CController.php(783): CController->renderPartial('index', Array, true)
#12 X:\home\demo\www\gbook\protected\controllers\CommentsController.php(36): CController->render('index', Array)
#13 X:\home\demo\YiiRoot\framework\web\actions\CInlineAction.php(50): CommentsController->actionIndex()
#14 X:\home\demo\YiiRoot\framework\web\CController.php(309): CInlineAction->runWithParams(Array)
#15 X:\home\demo\YiiRoot\framework\web\CController.php(287): CController->runAction(Object(CInlineAction))
#16 X:\home\demo\YiiRoot\framework\web\CController.php(266): CController->runActionWithFilters(Object(CInlineAction), Array)
#17 X:\home\demo\YiiRoot\framework\web\CWebApplication.php(283): CController->run('index')
#18 X:\home\demo\YiiRoot\framework\web\CWebApplication.php(142): CWebApplication->runController('')
#19 X:\home\demo\YiiRoot\framework\base\CApplication.php(162): CWebApplication->processRequest()
#20 X:\home\demo\www\gbook\index.php(13): CApplication->run()
#21 {main}
REQUEST_URI=/gbook/
---
2012/11/06 13:18:26 [error] [exception.CException] exception 'CException' with message 'Property "FCKEditorWidget.FontNames" is not defined.' in X:\home\demo\YiiRoot\framework\base\CComponent.php:174
Stack trace:
#0 X:\home\demo\YiiRoot\framework\web\CWidgetFactory.php(162): CComponent->__set('FontNames', '???????????????...')
#1 X:\home\demo\YiiRoot\framework\web\CBaseController.php(147): CWidgetFactory->createWidget(Object(CommentsController), 'ext.fckeditor.F...', Array)
#2 X:\home\demo\YiiRoot\framework\web\CBaseController.php(173): CBaseController->createWidget('ext.fckeditor.F...', Array)
#3 X:\home\demo\www\gbook\protected\views\comments\_form.php(50): CBaseController->widget('ext.fckeditor.F...', Array)
#4 X:\home\demo\YiiRoot\framework\web\CBaseController.php(127): require('X:\home\demo\ww...')
#5 X:\home\demo\YiiRoot\framework\web\CBaseController.php(96): CBaseController->renderInternal('X:\home\demo\ww...', Array, true)
#6 X:\home\demo\YiiRoot\framework\web\CController.php(870): CBaseController->renderFile('X:\home\demo\ww...', Array, true)
#7 X:\home\demo\www\gbook\protected\views\comments\index.php(46): CController->renderPartial('_form', Array)
#8 X:\home\demo\YiiRoot\framework\web\CBaseController.php(127): require('X:\home\demo\ww...')
#9 X:\home\demo\YiiRoot\framework\web\CBaseController.php(96): CBaseController->renderInternal('X:\home\demo\ww...', Array, true)
#10 X:\home\demo\YiiRoot\framework\web\CController.php(870): CBaseController->renderFile('X:\home\demo\ww...', Array, true)
#11 X:\home\demo\YiiRoot\framework\web\CController.php(783): CController->renderPartial('index', Array, true)
#12 X:\home\demo\www\gbook\protected\controllers\CommentsController.php(36): CController->render('index', Array)
#13 X:\home\demo\YiiRoot\framework\web\actions\CInlineAction.php(50): CommentsController->actionIndex()
#14 X:\home\demo\YiiRoot\framework\web\CController.php(309): CInlineAction->runWithParams(Array)
#15 X:\home\demo\YiiRoot\framework\web\CController.php(287): CController->runAction(Object(CInlineAction))
#16 X:\home\demo\YiiRoot\framework\web\CController.php(266): CController->runActionWithFilters(Object(CInlineAction), Array)
#17 X:\home\demo\YiiRoot\framework\web\CWebApplication.php(283): CController->run('index')
#18 X:\home\demo\YiiRoot\framework\web\CWebApplication.php(142): CWebApplication->runController('')
#19 X:\home\demo\YiiRoot\framework\base\CApplication.php(162): CWebApplication->processRequest()
#20 X:\home\demo\www\gbook\index.php(13): CApplication->run()
#21 {main}
REQUEST_URI=/gbook/
---
2012/11/06 13:19:17 [error] [exception.CException] exception 'CException' with message 'Property "FCKEditorWidget.FontNames" is not defined.' in X:\home\demo\YiiRoot\framework\base\CComponent.php:174
Stack trace:
#0 X:\home\demo\YiiRoot\framework\web\CWidgetFactory.php(162): CComponent->__set('FontNames', '???????????????...')
#1 X:\home\demo\YiiRoot\framework\web\CBaseController.php(147): CWidgetFactory->createWidget(Object(CommentsController), 'ext.fckeditor.F...', Array)
#2 X:\home\demo\YiiRoot\framework\web\CBaseController.php(173): CBaseController->createWidget('ext.fckeditor.F...', Array)
#3 X:\home\demo\www\gbook\protected\views\comments\_form.php(50): CBaseController->widget('ext.fckeditor.F...', Array)
#4 X:\home\demo\YiiRoot\framework\web\CBaseController.php(127): require('X:\home\demo\ww...')
#5 X:\home\demo\YiiRoot\framework\web\CBaseController.php(96): CBaseController->renderInternal('X:\home\demo\ww...', Array, true)
#6 X:\home\demo\YiiRoot\framework\web\CController.php(870): CBaseController->renderFile('X:\home\demo\ww...', Array, true)
#7 X:\home\demo\www\gbook\protected\views\comments\index.php(46): CController->renderPartial('_form', Array)
#8 X:\home\demo\YiiRoot\framework\web\CBaseController.php(127): require('X:\home\demo\ww...')
#9 X:\home\demo\YiiRoot\framework\web\CBaseController.php(96): CBaseController->renderInternal('X:\home\demo\ww...', Array, true)
#10 X:\home\demo\YiiRoot\framework\web\CController.php(870): CBaseController->renderFile('X:\home\demo\ww...', Array, true)
#11 X:\home\demo\YiiRoot\framework\web\CController.php(783): CController->renderPartial('index', Array, true)
#12 X:\home\demo\www\gbook\protected\controllers\CommentsController.php(36): CController->render('index', Array)
#13 X:\home\demo\YiiRoot\framework\web\actions\CInlineAction.php(50): CommentsController->actionIndex()
#14 X:\home\demo\YiiRoot\framework\web\CController.php(309): CInlineAction->runWithParams(Array)
#15 X:\home\demo\YiiRoot\framework\web\CController.php(287): CController->runAction(Object(CInlineAction))
#16 X:\home\demo\YiiRoot\framework\web\CController.php(266): CController->runActionWithFilters(Object(CInlineAction), Array)
#17 X:\home\demo\YiiRoot\framework\web\CWebApplication.php(283): CController->run('index')
#18 X:\home\demo\YiiRoot\framework\web\CWebApplication.php(142): CWebApplication->runController('')
#19 X:\home\demo\YiiRoot\framework\base\CApplication.php(162): CWebApplication->processRequest()
#20 X:\home\demo\www\gbook\index.php(13): CApplication->run()
#21 {main}
REQUEST_URI=/gbook/
---
2012/11/06 13:19:22 [error] [exception.CException] exception 'CException' with message 'Property "FCKEditorWidget.FontNames" is not defined.' in X:\home\demo\YiiRoot\framework\base\CComponent.php:174
Stack trace:
#0 X:\home\demo\YiiRoot\framework\web\CWidgetFactory.php(162): CComponent->__set('FontNames', '???????????????...')
#1 X:\home\demo\YiiRoot\framework\web\CBaseController.php(147): CWidgetFactory->createWidget(Object(CommentsController), 'ext.fckeditor.F...', Array)
#2 X:\home\demo\YiiRoot\framework\web\CBaseController.php(173): CBaseController->createWidget('ext.fckeditor.F...', Array)
#3 X:\home\demo\www\gbook\protected\views\comments\_form.php(50): CBaseController->widget('ext.fckeditor.F...', Array)
#4 X:\home\demo\YiiRoot\framework\web\CBaseController.php(127): require('X:\home\demo\ww...')
#5 X:\home\demo\YiiRoot\framework\web\CBaseController.php(96): CBaseController->renderInternal('X:\home\demo\ww...', Array, true)
#6 X:\home\demo\YiiRoot\framework\web\CController.php(870): CBaseController->renderFile('X:\home\demo\ww...', Array, true)
#7 X:\home\demo\www\gbook\protected\views\comments\index.php(46): CController->renderPartial('_form', Array)
#8 X:\home\demo\YiiRoot\framework\web\CBaseController.php(127): require('X:\home\demo\ww...')
#9 X:\home\demo\YiiRoot\framework\web\CBaseController.php(96): CBaseController->renderInternal('X:\home\demo\ww...', Array, true)
#10 X:\home\demo\YiiRoot\framework\web\CController.php(870): CBaseController->renderFile('X:\home\demo\ww...', Array, true)
#11 X:\home\demo\YiiRoot\framework\web\CController.php(783): CController->renderPartial('index', Array, true)
#12 X:\home\demo\www\gbook\protected\controllers\CommentsController.php(36): CController->render('index', Array)
#13 X:\home\demo\YiiRoot\framework\web\actions\CInlineAction.php(50): CommentsController->actionIndex()
#14 X:\home\demo\YiiRoot\framework\web\CController.php(309): CInlineAction->runWithParams(Array)
#15 X:\home\demo\YiiRoot\framework\web\CController.php(287): CController->runAction(Object(CInlineAction))
#16 X:\home\demo\YiiRoot\framework\web\CController.php(266): CController->runActionWithFilters(Object(CInlineAction), Array)
#17 X:\home\demo\YiiRoot\framework\web\CWebApplication.php(283): CController->run('index')
#18 X:\home\demo\YiiRoot\framework\web\CWebApplication.php(142): CWebApplication->runController('')
#19 X:\home\demo\YiiRoot\framework\base\CApplication.php(162): CWebApplication->processRequest()
#20 X:\home\demo\www\gbook\index.php(13): CApplication->run()
#21 {main}
REQUEST_URI=/gbook/
---
2012/11/06 13:21:55 [error] [exception.CException] exception 'CException' with message 'Property "FCKEditorWidget.FontNames" is not defined.' in X:\home\demo\YiiRoot\framework\base\CComponent.php:174
Stack trace:
#0 X:\home\demo\YiiRoot\framework\web\CWidgetFactory.php(162): CComponent->__set('FontNames', '???????????????...')
#1 X:\home\demo\YiiRoot\framework\web\CBaseController.php(147): CWidgetFactory->createWidget(Object(CommentsController), 'ext.fckeditor.F...', Array)
#2 X:\home\demo\YiiRoot\framework\web\CBaseController.php(173): CBaseController->createWidget('ext.fckeditor.F...', Array)
#3 X:\home\demo\www\gbook\protected\views\comments\_form.php(50): CBaseController->widget('ext.fckeditor.F...', Array)
#4 X:\home\demo\YiiRoot\framework\web\CBaseController.php(127): require('X:\home\demo\ww...')
#5 X:\home\demo\YiiRoot\framework\web\CBaseController.php(96): CBaseController->renderInternal('X:\home\demo\ww...', Array, true)
#6 X:\home\demo\YiiRoot\framework\web\CController.php(870): CBaseController->renderFile('X:\home\demo\ww...', Array, true)
#7 X:\home\demo\www\gbook\protected\views\comments\index.php(46): CController->renderPartial('_form', Array)
#8 X:\home\demo\YiiRoot\framework\web\CBaseController.php(127): require('X:\home\demo\ww...')
#9 X:\home\demo\YiiRoot\framework\web\CBaseController.php(96): CBaseController->renderInternal('X:\home\demo\ww...', Array, true)
#10 X:\home\demo\YiiRoot\framework\web\CController.php(870): CBaseController->renderFile('X:\home\demo\ww...', Array, true)
#11 X:\home\demo\YiiRoot\framework\web\CController.php(783): CController->renderPartial('index', Array, true)
#12 X:\home\demo\www\gbook\protected\controllers\CommentsController.php(36): CController->render('index', Array)
#13 X:\home\demo\YiiRoot\framework\web\actions\CInlineAction.php(50): CommentsController->actionIndex()
#14 X:\home\demo\YiiRoot\framework\web\CController.php(309): CInlineAction->runWithParams(Array)
#15 X:\home\demo\YiiRoot\framework\web\CController.php(287): CController->runAction(Object(CInlineAction))
#16 X:\home\demo\YiiRoot\framework\web\CController.php(266): CController->runActionWithFilters(Object(CInlineAction), Array)
#17 X:\home\demo\YiiRoot\framework\web\CWebApplication.php(283): CController->run('index')
#18 X:\home\demo\YiiRoot\framework\web\CWebApplication.php(142): CWebApplication->runController('')
#19 X:\home\demo\YiiRoot\framework\base\CApplication.php(162): CWebApplication->processRequest()
#20 X:\home\demo\www\gbook\index.php(13): CApplication->run()
#21 {main}
REQUEST_URI=/gbook/
---
2012/11/06 13:24:27 [error] [exception.CException] exception 'CException' with message 'Property "FCKEditorWidget.FontNames" is not defined.' in X:\home\demo\YiiRoot\framework\base\CComponent.php:174
Stack trace:
#0 X:\home\demo\YiiRoot\framework\web\CWidgetFactory.php(162): CComponent->__set('FontNames', '???????????????...')
#1 X:\home\demo\YiiRoot\framework\web\CBaseController.php(147): CWidgetFactory->createWidget(Object(CommentsController), 'ext.fckeditor.F...', Array)
#2 X:\home\demo\YiiRoot\framework\web\CBaseController.php(173): CBaseController->createWidget('ext.fckeditor.F...', Array)
#3 X:\home\demo\www\gbook\protected\views\comments\_form.php(50): CBaseController->widget('ext.fckeditor.F...', Array)
#4 X:\home\demo\YiiRoot\framework\web\CBaseController.php(127): require('X:\home\demo\ww...')
#5 X:\home\demo\YiiRoot\framework\web\CBaseController.php(96): CBaseController->renderInternal('X:\home\demo\ww...', Array, true)
#6 X:\home\demo\YiiRoot\framework\web\CController.php(870): CBaseController->renderFile('X:\home\demo\ww...', Array, true)
#7 X:\home\demo\www\gbook\protected\views\comments\index.php(46): CController->renderPartial('_form', Array)
#8 X:\home\demo\YiiRoot\framework\web\CBaseController.php(127): require('X:\home\demo\ww...')
#9 X:\home\demo\YiiRoot\framework\web\CBaseController.php(96): CBaseController->renderInternal('X:\home\demo\ww...', Array, true)
#10 X:\home\demo\YiiRoot\framework\web\CController.php(870): CBaseController->renderFile('X:\home\demo\ww...', Array, true)
#11 X:\home\demo\YiiRoot\framework\web\CController.php(783): CController->renderPartial('index', Array, true)
#12 X:\home\demo\www\gbook\protected\controllers\CommentsController.php(36): CController->render('index', Array)
#13 X:\home\demo\YiiRoot\framework\web\actions\CInlineAction.php(50): CommentsController->actionIndex()
#14 X:\home\demo\YiiRoot\framework\web\CController.php(309): CInlineAction->runWithParams(Array)
#15 X:\home\demo\YiiRoot\framework\web\CController.php(287): CController->runAction(Object(CInlineAction))
#16 X:\home\demo\YiiRoot\framework\web\CController.php(266): CController->runActionWithFilters(Object(CInlineAction), Array)
#17 X:\home\demo\YiiRoot\framework\web\CWebApplication.php(283): CController->run('index')
#18 X:\home\demo\YiiRoot\framework\web\CWebApplication.php(142): CWebApplication->runController('')
#19 X:\home\demo\YiiRoot\framework\base\CApplication.php(162): CWebApplication->processRequest()
#20 X:\home\demo\www\gbook\index.php(13): CApplication->run()
#21 {main}
REQUEST_URI=/gbook/
---
2012/11/06 13:34:29 [error] [php] strtr() expects parameter 1 to be string, array given (X:\home\demo\www\gbook\fckeditor\fckeditor_php5.php:255)
Stack trace:
#0 X:\home\demo\www\gbook\fckeditor\fckeditor_php5.php(178): FCKeditor->GetConfigFieldString()
#1 X:\home\demo\www\gbook\fckeditor\fckeditor_php5.php(148): FCKeditor->CreateHtml()
#2 X:\home\demo\www\gbook\protected\extensions\fckeditor\views\fCKEditorWidget.php(56): FCKeditor->Create()
#3 X:\home\demo\YiiRoot\framework\web\CBaseController.php(131): require()
#4 X:\home\demo\YiiRoot\framework\web\CBaseController.php(96): FCKEditorWidget->renderInternal()
#5 X:\home\demo\YiiRoot\framework\web\widgets\CWidget.php(244): FCKEditorWidget->renderFile()
#6 X:\home\demo\www\gbook\protected\extensions\fckeditor\FCKEditorWidget.php(75): FCKEditorWidget->render()
#7 X:\home\demo\YiiRoot\framework\web\CBaseController.php(174): FCKEditorWidget->run()
#8 X:\home\demo\www\gbook\protected\views\comments\_form.php(54): CommentsController->widget()
#9 X:\home\demo\YiiRoot\framework\web\CBaseController.php(127): require()
#10 X:\home\demo\YiiRoot\framework\web\CBaseController.php(96): CommentsController->renderInternal()
#11 X:\home\demo\YiiRoot\framework\web\CController.php(870): CommentsController->renderFile()
#12 X:\home\demo\www\gbook\protected\views\comments\index.php(46): CommentsController->renderPartial()
#13 X:\home\demo\YiiRoot\framework\web\CBaseController.php(127): require()
#14 X:\home\demo\YiiRoot\framework\web\CBaseController.php(96): CommentsController->renderInternal()
#15 X:\home\demo\YiiRoot\framework\web\CController.php(870): CommentsController->renderFile()
#16 X:\home\demo\YiiRoot\framework\web\CController.php(783): CommentsController->renderPartial()
#17 X:\home\demo\www\gbook\protected\controllers\CommentsController.php(36): CommentsController->render()
#18 X:\home\demo\YiiRoot\framework\web\actions\CInlineAction.php(50): CommentsController->actionIndex()
#19 X:\home\demo\YiiRoot\framework\web\CController.php(309): CInlineAction->runWithParams()
#20 X:\home\demo\YiiRoot\framework\web\CController.php(287): CommentsController->runAction()
#21 X:\home\demo\YiiRoot\framework\web\CController.php(266): CommentsController->runActionWithFilters()
#22 X:\home\demo\YiiRoot\framework\web\CWebApplication.php(283): CommentsController->run()
#23 X:\home\demo\YiiRoot\framework\web\CWebApplication.php(142): CWebApplication->runController()
#24 X:\home\demo\YiiRoot\framework\base\CApplication.php(162): CWebApplication->processRequest()
#25 X:\home\demo\www\gbook\index.php(13): CWebApplication->run()
REQUEST_URI=/gbook/
in X:\home\demo\www\gbook\fckeditor\fckeditor_php5.php (255)
in X:\home\demo\www\gbook\fckeditor\fckeditor_php5.php (234)
in X:\home\demo\www\gbook\fckeditor\fckeditor_php5.php (178)
2012/11/06 13:35:42 [error] [php] strtr() expects parameter 1 to be string, array given (X:\home\demo\www\gbook\fckeditor\fckeditor_php5.php:255)
Stack trace:
#0 X:\home\demo\www\gbook\fckeditor\fckeditor_php5.php(178): FCKeditor->GetConfigFieldString()
#1 X:\home\demo\www\gbook\fckeditor\fckeditor_php5.php(148): FCKeditor->CreateHtml()
#2 X:\home\demo\www\gbook\protected\extensions\fckeditor\views\fCKEditorWidget.php(56): FCKeditor->Create()
#3 X:\home\demo\YiiRoot\framework\web\CBaseController.php(131): require()
#4 X:\home\demo\YiiRoot\framework\web\CBaseController.php(96): FCKEditorWidget->renderInternal()
#5 X:\home\demo\YiiRoot\framework\web\widgets\CWidget.php(244): FCKEditorWidget->renderFile()
#6 X:\home\demo\www\gbook\protected\extensions\fckeditor\FCKEditorWidget.php(75): FCKEditorWidget->render()
#7 X:\home\demo\YiiRoot\framework\web\CBaseController.php(174): FCKEditorWidget->run()
#8 X:\home\demo\www\gbook\protected\views\comments\_form.php(54): CommentsController->widget()
#9 X:\home\demo\YiiRoot\framework\web\CBaseController.php(127): require()
#10 X:\home\demo\YiiRoot\framework\web\CBaseController.php(96): CommentsController->renderInternal()
#11 X:\home\demo\YiiRoot\framework\web\CController.php(870): CommentsController->renderFile()
#12 X:\home\demo\www\gbook\protected\views\comments\index.php(46): CommentsController->renderPartial()
#13 X:\home\demo\YiiRoot\framework\web\CBaseController.php(127): require()
#14 X:\home\demo\YiiRoot\framework\web\CBaseController.php(96): CommentsController->renderInternal()
#15 X:\home\demo\YiiRoot\framework\web\CController.php(870): CommentsController->renderFile()
#16 X:\home\demo\YiiRoot\framework\web\CController.php(783): CommentsController->renderPartial()
#17 X:\home\demo\www\gbook\protected\controllers\CommentsController.php(36): CommentsController->render()
#18 X:\home\demo\YiiRoot\framework\web\actions\CInlineAction.php(50): CommentsController->actionIndex()
#19 X:\home\demo\YiiRoot\framework\web\CController.php(309): CInlineAction->runWithParams()
#20 X:\home\demo\YiiRoot\framework\web\CController.php(287): CommentsController->runAction()
#21 X:\home\demo\YiiRoot\framework\web\CController.php(266): CommentsController->runActionWithFilters()
#22 X:\home\demo\YiiRoot\framework\web\CWebApplication.php(283): CommentsController->run()
#23 X:\home\demo\YiiRoot\framework\web\CWebApplication.php(142): CWebApplication->runController()
#24 X:\home\demo\YiiRoot\framework\base\CApplication.php(162): CWebApplication->processRequest()
#25 X:\home\demo\www\gbook\index.php(13): CWebApplication->run()
REQUEST_URI=/gbook/
in X:\home\demo\www\gbook\fckeditor\fckeditor_php5.php (255)
in X:\home\demo\www\gbook\fckeditor\fckeditor_php5.php (234)
in X:\home\demo\www\gbook\fckeditor\fckeditor_php5.php (178)
2012/11/06 13:35:59 [error] [php] strtr() expects parameter 1 to be string, array given (X:\home\demo\www\gbook\fckeditor\fckeditor_php5.php:255)
Stack trace:
#0 X:\home\demo\www\gbook\fckeditor\fckeditor_php5.php(178): FCKeditor->GetConfigFieldString()
#1 X:\home\demo\www\gbook\fckeditor\fckeditor_php5.php(148): FCKeditor->CreateHtml()
#2 X:\home\demo\www\gbook\protected\extensions\fckeditor\views\fCKEditorWidget.php(56): FCKeditor->Create()
#3 X:\home\demo\YiiRoot\framework\web\CBaseController.php(131): require()
#4 X:\home\demo\YiiRoot\framework\web\CBaseController.php(96): FCKEditorWidget->renderInternal()
#5 X:\home\demo\YiiRoot\framework\web\widgets\CWidget.php(244): FCKEditorWidget->renderFile()
#6 X:\home\demo\www\gbook\protected\extensions\fckeditor\FCKEditorWidget.php(75): FCKEditorWidget->render()
#7 X:\home\demo\YiiRoot\framework\web\CBaseController.php(174): FCKEditorWidget->run()
#8 X:\home\demo\www\gbook\protected\views\comments\_form.php(53): CommentsController->widget()
#9 X:\home\demo\YiiRoot\framework\web\CBaseController.php(127): require()
#10 X:\home\demo\YiiRoot\framework\web\CBaseController.php(96): CommentsController->renderInternal()
#11 X:\home\demo\YiiRoot\framework\web\CController.php(870): CommentsController->renderFile()
#12 X:\home\demo\www\gbook\protected\views\comments\index.php(46): CommentsController->renderPartial()
#13 X:\home\demo\YiiRoot\framework\web\CBaseController.php(127): require()
#14 X:\home\demo\YiiRoot\framework\web\CBaseController.php(96): CommentsController->renderInternal()
#15 X:\home\demo\YiiRoot\framework\web\CController.php(870): CommentsController->renderFile()
#16 X:\home\demo\YiiRoot\framework\web\CController.php(783): CommentsController->renderPartial()
#17 X:\home\demo\www\gbook\protected\controllers\CommentsController.php(36): CommentsController->render()
#18 X:\home\demo\YiiRoot\framework\web\actions\CInlineAction.php(50): CommentsController->actionIndex()
#19 X:\home\demo\YiiRoot\framework\web\CController.php(309): CInlineAction->runWithParams()
#20 X:\home\demo\YiiRoot\framework\web\CController.php(287): CommentsController->runAction()
#21 X:\home\demo\YiiRoot\framework\web\CController.php(266): CommentsController->runActionWithFilters()
#22 X:\home\demo\YiiRoot\framework\web\CWebApplication.php(283): CommentsController->run()
#23 X:\home\demo\YiiRoot\framework\web\CWebApplication.php(142): CWebApplication->runController()
#24 X:\home\demo\YiiRoot\framework\base\CApplication.php(162): CWebApplication->processRequest()
#25 X:\home\demo\www\gbook\index.php(13): CWebApplication->run()
REQUEST_URI=/gbook/
in X:\home\demo\www\gbook\fckeditor\fckeditor_php5.php (255)
in X:\home\demo\www\gbook\fckeditor\fckeditor_php5.php (234)
in X:\home\demo\www\gbook\fckeditor\fckeditor_php5.php (178)
2012/11/06 13:48:13 [error] [exception.CException] exception 'CException' with message 'Alias "application.extensions.my.ckeditor.CKEditor" is invalid. Make sure it points to an existing PHP file and the file is readable.' in X:\home\demo\YiiRoot\framework\YiiBase.php:318
Stack trace:
#0 X:\home\demo\YiiRoot\framework\web\CWidgetFactory.php(147): YiiBase::import('application.ext...', true)
#1 X:\home\demo\YiiRoot\framework\web\CBaseController.php(147): CWidgetFactory->createWidget(Object(CommentsController), 'application.ext...', Array)
#2 X:\home\demo\YiiRoot\framework\web\CBaseController.php(173): CBaseController->createWidget('application.ext...', Array)
#3 X:\home\demo\www\gbook\protected\views\comments\_form.php(42): CBaseController->widget('application.ext...', Array)
#4 X:\home\demo\YiiRoot\framework\web\CBaseController.php(127): require('X:\home\demo\ww...')
#5 X:\home\demo\YiiRoot\framework\web\CBaseController.php(96): CBaseController->renderInternal('X:\home\demo\ww...', Array, true)
#6 X:\home\demo\YiiRoot\framework\web\CController.php(870): CBaseController->renderFile('X:\home\demo\ww...', Array, true)
#7 X:\home\demo\www\gbook\protected\views\comments\index.php(46): CController->renderPartial('_form', Array)
#8 X:\home\demo\YiiRoot\framework\web\CBaseController.php(127): require('X:\home\demo\ww...')
#9 X:\home\demo\YiiRoot\framework\web\CBaseController.php(96): CBaseController->renderInternal('X:\home\demo\ww...', Array, true)
#10 X:\home\demo\YiiRoot\framework\web\CController.php(870): CBaseController->renderFile('X:\home\demo\ww...', Array, true)
#11 X:\home\demo\YiiRoot\framework\web\CController.php(783): CController->renderPartial('index', Array, true)
#12 X:\home\demo\www\gbook\protected\controllers\CommentsController.php(36): CController->render('index', Array)
#13 X:\home\demo\YiiRoot\framework\web\actions\CInlineAction.php(50): CommentsController->actionIndex()
#14 X:\home\demo\YiiRoot\framework\web\CController.php(309): CInlineAction->runWithParams(Array)
#15 X:\home\demo\YiiRoot\framework\web\CController.php(287): CController->runAction(Object(CInlineAction))
#16 X:\home\demo\YiiRoot\framework\web\CController.php(266): CController->runActionWithFilters(Object(CInlineAction), Array)
#17 X:\home\demo\YiiRoot\framework\web\CWebApplication.php(283): CController->run('index')
#18 X:\home\demo\YiiRoot\framework\web\CWebApplication.php(142): CWebApplication->runController('')
#19 X:\home\demo\YiiRoot\framework\base\CApplication.php(162): CWebApplication->processRequest()
#20 X:\home\demo\www\gbook\index.php(13): CApplication->run()
#21 {main}
REQUEST_URI=/gbook/index.php
---
2012/11/06 13:55:46 [error] [exception.CException] exception 'CException' with message 'Alias "application.extensions.ckeditor.CKEditor" is invalid. Make sure it points to an existing PHP file and the file is readable.' in X:\home\demo\YiiRoot\framework\YiiBase.php:318
Stack trace:
#0 X:\home\demo\YiiRoot\framework\web\CWidgetFactory.php(147): YiiBase::import('application.ext...', true)
#1 X:\home\demo\YiiRoot\framework\web\CBaseController.php(147): CWidgetFactory->createWidget(Object(CommentsController), 'application.ext...', Array)
#2 X:\home\demo\YiiRoot\framework\web\CBaseController.php(173): CBaseController->createWidget('application.ext...', Array)
#3 X:\home\demo\www\gbook\protected\views\comments\_form.php(42): CBaseController->widget('application.ext...', Array)
#4 X:\home\demo\YiiRoot\framework\web\CBaseController.php(127): require('X:\home\demo\ww...')
#5 X:\home\demo\YiiRoot\framework\web\CBaseController.php(96): CBaseController->renderInternal('X:\home\demo\ww...', Array, true)
#6 X:\home\demo\YiiRoot\framework\web\CController.php(870): CBaseController->renderFile('X:\home\demo\ww...', Array, true)
#7 X:\home\demo\www\gbook\protected\views\comments\index.php(46): CController->renderPartial('_form', Array)
#8 X:\home\demo\YiiRoot\framework\web\CBaseController.php(127): require('X:\home\demo\ww...')
#9 X:\home\demo\YiiRoot\framework\web\CBaseController.php(96): CBaseController->renderInternal('X:\home\demo\ww...', Array, true)
#10 X:\home\demo\YiiRoot\framework\web\CController.php(870): CBaseController->renderFile('X:\home\demo\ww...', Array, true)
#11 X:\home\demo\YiiRoot\framework\web\CController.php(783): CController->renderPartial('index', Array, true)
#12 X:\home\demo\www\gbook\protected\controllers\CommentsController.php(36): CController->render('index', Array)
#13 X:\home\demo\YiiRoot\framework\web\actions\CInlineAction.php(50): CommentsController->actionIndex()
#14 X:\home\demo\YiiRoot\framework\web\CController.php(309): CInlineAction->runWithParams(Array)
#15 X:\home\demo\YiiRoot\framework\web\CController.php(287): CController->runAction(Object(CInlineAction))
#16 X:\home\demo\YiiRoot\framework\web\CController.php(266): CController->runActionWithFilters(Object(CInlineAction), Array)
#17 X:\home\demo\YiiRoot\framework\web\CWebApplication.php(283): CController->run('index')
#18 X:\home\demo\YiiRoot\framework\web\CWebApplication.php(142): CWebApplication->runController('')
#19 X:\home\demo\YiiRoot\framework\base\CApplication.php(162): CWebApplication->processRequest()
#20 X:\home\demo\www\gbook\index.php(13): CApplication->run()
#21 {main}
REQUEST_URI=/gbook/
---
2012/11/06 13:58:13 [warning] [application] Failed to set unsafe attribute "file" of "Comments".
in X:\home\demo\www\gbook\protected\controllers\CommentsController.php (148)
in X:\home\demo\www\gbook\protected\controllers\CommentsController.php (24)
in X:\home\demo\www\gbook\index.php (13)
2012/11/06 13:58:18 [warning] [application] Failed to set unsafe attribute "file" of "Comments".
in X:\home\demo\www\gbook\protected\controllers\CommentsController.php (148)
in X:\home\demo\www\gbook\protected\controllers\CommentsController.php (24)
in X:\home\demo\www\gbook\index.php (13)
2012/11/06 13:58:19 [warning] [application] Failed to set unsafe attribute "file" of "Comments".
in X:\home\demo\www\gbook\protected\controllers\CommentsController.php (148)
in X:\home\demo\www\gbook\protected\controllers\CommentsController.php (24)
in X:\home\demo\www\gbook\index.php (13)
2012/11/06 13:58:46 [warning] [application] Failed to set unsafe attribute "file" of "Comments".
in X:\home\demo\www\gbook\protected\controllers\CommentsController.php (148)
in X:\home\demo\www\gbook\protected\controllers\CommentsController.php (24)
in X:\home\demo\www\gbook\index.php (13)
2012/11/06 13:58:46 [warning] [application] Failed to set unsafe attribute "file" of "Comments".
in X:\home\demo\www\gbook\protected\controllers\CommentsController.php (27)
in X:\home\demo\www\gbook\index.php (13)
2012/11/06 14:12:06 [error] [exception.CException] exception 'CException' with message 'fontSizes must be an array of integers' in X:\home\demo\www\gbook\protected\extensions\ckeditor\CKEditor.php:148
Stack trace:
#0 X:\home\demo\YiiRoot\framework\base\CComponent.php(153): CKEditor->setFontSizes('11')
#1 X:\home\demo\YiiRoot\framework\web\CWidgetFactory.php(162): CComponent->__set('fontSizes', '11')
#2 X:\home\demo\YiiRoot\framework\web\CBaseController.php(147): CWidgetFactory->createWidget(Object(CommentsController), 'application.ext...', Array)
#3 X:\home\demo\YiiRoot\framework\web\CBaseController.php(173): CBaseController->createWidget('application.ext...', Array)
#4 X:\home\demo\www\gbook\protected\views\comments\_form.php(42): CBaseController->widget('application.ext...', Array)
#5 X:\home\demo\YiiRoot\framework\web\CBaseController.php(127): require('X:\home\demo\ww...')
#6 X:\home\demo\YiiRoot\framework\web\CBaseController.php(96): CBaseController->renderInternal('X:\home\demo\ww...', Array, true)
#7 X:\home\demo\YiiRoot\framework\web\CController.php(870): CBaseController->renderFile('X:\home\demo\ww...', Array, true)
#8 X:\home\demo\www\gbook\protected\views\comments\index.php(46): CController->renderPartial('_form', Array)
#9 X:\home\demo\YiiRoot\framework\web\CBaseController.php(127): require('X:\home\demo\ww...')
#10 X:\home\demo\YiiRoot\framework\web\CBaseController.php(96): CBaseController->renderInternal('X:\home\demo\ww...', Array, true)
#11 X:\home\demo\YiiRoot\framework\web\CController.php(870): CBaseController->renderFile('X:\home\demo\ww...', Array, true)
#12 X:\home\demo\YiiRoot\framework\web\CController.php(783): CController->renderPartial('index', Array, true)
#13 X:\home\demo\www\gbook\protected\controllers\CommentsController.php(36): CController->render('index', Array)
#14 X:\home\demo\YiiRoot\framework\web\actions\CInlineAction.php(50): CommentsController->actionIndex()
#15 X:\home\demo\YiiRoot\framework\web\CController.php(309): CInlineAction->runWithParams(Array)
#16 X:\home\demo\YiiRoot\framework\web\CController.php(287): CController->runAction(Object(CInlineAction))
#17 X:\home\demo\YiiRoot\framework\web\CController.php(266): CController->runActionWithFilters(Object(CInlineAction), Array)
#18 X:\home\demo\YiiRoot\framework\web\CWebApplication.php(283): CController->run('index')
#19 X:\home\demo\YiiRoot\framework\web\CWebApplication.php(142): CWebApplication->runController('')
#20 X:\home\demo\YiiRoot\framework\base\CApplication.php(162): CWebApplication->processRequest()
#21 X:\home\demo\www\gbook\index.php(13): CApplication->run()
#22 {main}
REQUEST_URI=/gbook/index.php
HTTP_REFERER=http://demo/gbook/
---
2012/11/06 15:29:37 [error] [exception.CException] exception 'CException' with message 'Property "CKEditor.validEditorTemplates" is not defined.' in X:\home\demo\YiiRoot\framework\base\CComponent.php:131
Stack trace:
#0 X:\home\demo\www\gbook\protected\extensions\ckeditor\CKEditor.php(164): CComponent->__get('validEditorTemp...')
#1 X:\home\demo\YiiRoot\framework\base\CComponent.php(153): CKEditor->setEditorTemplate('my2')
#2 X:\home\demo\YiiRoot\framework\web\CWidgetFactory.php(162): CComponent->__set('editorTemplate', 'my2')
#3 X:\home\demo\YiiRoot\framework\web\CBaseController.php(147): CWidgetFactory->createWidget(Object(CommentsController), 'application.ext...', Array)
#4 X:\home\demo\YiiRoot\framework\web\CBaseController.php(173): CBaseController->createWidget('application.ext...', Array)
#5 X:\home\demo\www\gbook\protected\views\comments\_form.php(45): CBaseController->widget('application.ext...', Array)
#6 X:\home\demo\YiiRoot\framework\web\CBaseController.php(127): require('X:\home\demo\ww...')
#7 X:\home\demo\YiiRoot\framework\web\CBaseController.php(96): CBaseController->renderInternal('X:\home\demo\ww...', Array, true)
#8 X:\home\demo\YiiRoot\framework\web\CController.php(870): CBaseController->renderFile('X:\home\demo\ww...', Array, true)
#9 X:\home\demo\www\gbook\protected\views\comments\index.php(46): CController->renderPartial('_form', Array)
#10 X:\home\demo\YiiRoot\framework\web\CBaseController.php(127): require('X:\home\demo\ww...')
#11 X:\home\demo\YiiRoot\framework\web\CBaseController.php(96): CBaseController->renderInternal('X:\home\demo\ww...', Array, true)
#12 X:\home\demo\YiiRoot\framework\web\CController.php(870): CBaseController->renderFile('X:\home\demo\ww...', Array, true)
#13 X:\home\demo\YiiRoot\framework\web\CController.php(783): CController->renderPartial('index', Array, true)
#14 X:\home\demo\www\gbook\protected\controllers\CommentsController.php(36): CController->render('index', Array)
#15 X:\home\demo\YiiRoot\framework\web\actions\CInlineAction.php(50): CommentsController->actionIndex()
#16 X:\home\demo\YiiRoot\framework\web\CController.php(309): CInlineAction->runWithParams(Array)
#17 X:\home\demo\YiiRoot\framework\web\CController.php(287): CController->runAction(Object(CInlineAction))
#18 X:\home\demo\YiiRoot\framework\web\CController.php(266): CController->runActionWithFilters(Object(CInlineAction), Array)
#19 X:\home\demo\YiiRoot\framework\web\CWebApplication.php(283): CController->run('index')
#20 X:\home\demo\YiiRoot\framework\web\CWebApplication.php(142): CWebApplication->runController('')
#21 X:\home\demo\YiiRoot\framework\base\CApplication.php(162): CWebApplication->processRequest()
#22 X:\home\demo\www\gbook\index.php(13): CApplication->run()
#23 {main}
REQUEST_URI=/gbook/index.php
---
2012/11/06 15:50:31 [warning] [application] Failed to set unsafe attribute "file" of "Comments".
in X:\home\demo\www\gbook\protected\controllers\CommentsController.php (148)
in X:\home\demo\www\gbook\protected\controllers\CommentsController.php (24)
in X:\home\demo\www\gbook\index.php (13)
2012/11/06 15:50:36 [warning] [application] Failed to set unsafe attribute "file" of "Comments".
in X:\home\demo\www\gbook\protected\controllers\CommentsController.php (148)
in X:\home\demo\www\gbook\protected\controllers\CommentsController.php (24)
in X:\home\demo\www\gbook\index.php (13)
2012/11/06 15:50:37 [warning] [application] Failed to set unsafe attribute "file" of "Comments".
in X:\home\demo\www\gbook\protected\controllers\CommentsController.php (148)
in X:\home\demo\www\gbook\protected\controllers\CommentsController.php (24)
in X:\home\demo\www\gbook\index.php (13)
2012/11/06 15:50:38 [warning] [application] Failed to set unsafe attribute "file" of "Comments".
in X:\home\demo\www\gbook\protected\controllers\CommentsController.php (148)
in X:\home\demo\www\gbook\protected\controllers\CommentsController.php (24)
in X:\home\demo\www\gbook\index.php (13)
2012/11/06 15:50:39 [warning] [application] Failed to set unsafe attribute "file" of "Comments".
in X:\home\demo\www\gbook\protected\controllers\CommentsController.php (27)
in X:\home\demo\www\gbook\index.php (13)
2012/11/06 15:58:42 [warning] [application] Failed to set unsafe attribute "file" of "Comments".
in X:\home\demo\www\gbook\protected\controllers\CommentsController.php (148)
in X:\home\demo\www\gbook\protected\controllers\CommentsController.php (24)
in X:\home\demo\www\gbook\index.php (13)
2012/11/06 15:58:46 [warning] [application] Failed to set unsafe attribute "file" of "Comments".
in X:\home\demo\www\gbook\protected\controllers\CommentsController.php (148)
in X:\home\demo\www\gbook\protected\controllers\CommentsController.php (24)
in X:\home\demo\www\gbook\index.php (13)
2012/11/06 15:58:46 [warning] [application] Failed to set unsafe attribute "file" of "Comments".
in X:\home\demo\www\gbook\protected\controllers\CommentsController.php (27)
in X:\home\demo\www\gbook\index.php (13)
